#
# There is insufficient memory for the Java Runtime Environment to continue.
# Native memory allocation (malloc) failed to allocate 32744 bytes. Error detail: Chunk::new
# Possible reasons:
#   The system is out of physical RAM or swap space
#   This process is running with CompressedOops enabled, and the Java Heap may be blocking the growth of the native heap
# Possible solutions:
#   Reduce memory load on the system
#   Increase physical memory or swap space
#   Check if swap backing store is full
#   Decrease Java heap size (-Xmx/-Xms)
#   Decrease number of Java threads
#   Decrease Java thread stack sizes (-Xss)
#   Set larger code cache with -XX:ReservedCodeCacheSize=
#   JVM is running with Zero Based Compressed Oops mode in which the Java heap is
#     placed in the first 32GB address space. The Java Heap base address is the
#     maximum limit for the native heap growth. Please use -XX:HeapBaseMinAddress
#     to set the Java Heap base and to place the Java Heap above 32GB virtual address.
# This output file may be truncated or incomplete.
#
#  Out of Memory Error (arena.cpp:150), pid=15108, tid=18136
#
# JRE version: Java(TM) SE Runtime Environment (22.0+36) (build 22+36-2370)
# Java VM: Java HotSpot(TM) 64-Bit Server VM (22+36-2370, mixed mode, sharing, tiered, compressed oops, compressed class ptrs, g1 gc, windows-amd64)
# No core dump will be written. Minidumps are not enabled by default on client versions of Windows
#

---------------  S U M M A R Y ------------

Command Line: com.mycompany.vectors.Vectors

Host: Intel(R) Core(TM) i7-7700 CPU @ 3.60GHz, 8 cores, 15G,  Windows 10 , 64 bit Build 18362 (10.0.18362.1500)
Time: Tue Jul  2 10:45:25 2024 Hora est. Pacífico, Sudamérica elapsed time: 426.448970 seconds (0d 0h 7m 6s)

---------------  T H R E A D  ---------------

Current thread (0x000002272e114d80):  JavaThread "C1 CompilerThread0" daemon [_thread_in_native, id=18136, stack(0x0000008634100000,0x0000008634200000) (1024K)]


Current CompileTask:
C1:426449  585       3       jdk.internal.org.objectweb.asm.MethodWriter::putMethodInfo (1274 bytes)

Stack: [0x0000008634100000,0x0000008634200000]
Native frames: (J=compiled Java code, j=interpreted, Vv=VM code, C=native code)
V  [jvm.dll+0x6e2349]  (no source info available)
V  [jvm.dll+0x874ed3]  (no source info available)
V  [jvm.dll+0x8772fe]  (no source info available)
V  [jvm.dll+0x8779d3]  (no source info available)
V  [jvm.dll+0x27fcb6]  (no source info available)
V  [jvm.dll+0xc3d0f]  (no source info available)
V  [jvm.dll+0xc3f6b]  (no source info available)
V  [jvm.dll+0x13f1ce]  (no source info available)
V  [jvm.dll+0x13e697]  (no source info available)
V  [jvm.dll+0x197e2d]  (no source info available)
V  [jvm.dll+0x1986f6]  (no source info available)
V  [jvm.dll+0x153e45]  (no source info available)
V  [jvm.dll+0x1535c3]  (no source info available)
V  [jvm.dll+0x1538a0]  (no source info available)
V  [jvm.dll+0x152c1d]  (no source info available)
V  [jvm.dll+0x154add]  (no source info available)
V  [jvm.dll+0x25699e]  (no source info available)
V  [jvm.dll+0x254c5a]  (no source info available)
V  [jvm.dll+0x3f5426]  (no source info available)
V  [jvm.dll+0x81d50b]  (no source info available)
V  [jvm.dll+0x6e09e5]  (no source info available)
C  [ucrtbase.dll+0x210b2]  (no source info available)
C  [KERNEL32.DLL+0x17c24]  (no source info available)
C  [ntdll.dll+0x6d721]  (no source info available)


---------------  P R O C E S S  ---------------

Threads class SMR info:
_java_thread_list=0x0000022774483800, length=15, elements={
0x000002272e0fa010, 0x000002272e0fb0e0, 0x000002272e0ff280, 0x000002272e103e00,
0x000002272e104e40, 0x000002272e10f4d0, 0x000002272e1138e0, 0x000002272e114d80,
0x000002272e3a3f00, 0x000002272e3aaf80, 0x000002272e56c6e0, 0x000002272e56f810,
0x000002272e57b820, 0x00000227744799c0, 0x000002270d0bf7e0
}

Java Threads: ( => current thread )
  0x000002272e0fa010 JavaThread "Reference Handler"          daemon [_thread_blocked, id=4732, stack(0x0000008633a00000,0x0000008633b00000) (1024K)]
  0x000002272e0fb0e0 JavaThread "Finalizer"                  daemon [_thread_blocked, id=2520, stack(0x0000008633b00000,0x0000008633c00000) (1024K)]
  0x000002272e0ff280 JavaThread "Signal Dispatcher"          daemon [_thread_blocked, id=17700, stack(0x0000008633c00000,0x0000008633d00000) (1024K)]
  0x000002272e103e00 JavaThread "Attach Listener"            daemon [_thread_blocked, id=18532, stack(0x0000008633d00000,0x0000008633e00000) (1024K)]
  0x000002272e104e40 JavaThread "Service Thread"             daemon [_thread_blocked, id=10152, stack(0x0000008633e00000,0x0000008633f00000) (1024K)]
  0x000002272e10f4d0 JavaThread "Monitor Deflation Thread"   daemon [_thread_blocked, id=10116, stack(0x0000008633f00000,0x0000008634000000) (1024K)]
  0x000002272e1138e0 JavaThread "C2 CompilerThread0"         daemon [_thread_blocked, id=13252, stack(0x0000008634000000,0x0000008634100000) (1024K)]
=>0x000002272e114d80 JavaThread "C1 CompilerThread0"         daemon [_thread_in_native, id=18136, stack(0x0000008634100000,0x0000008634200000) (1024K)]
  0x000002272e3a3f00 JavaThread "Notification Thread"        daemon [_thread_blocked, id=18392, stack(0x0000008634200000,0x0000008634300000) (1024K)]
  0x000002272e3aaf80 JavaThread "Common-Cleaner"             daemon [_thread_blocked, id=15100, stack(0x0000008634300000,0x0000008634400000) (1024K)]
  0x000002272e56c6e0 JavaThread "Java2D Disposer"            daemon [_thread_blocked, id=15228, stack(0x0000008634400000,0x0000008634500000) (1024K)]
  0x000002272e56f810 JavaThread "AWT-Shutdown"                      [_thread_blocked, id=13424, stack(0x0000008634500000,0x0000008634600000) (1024K)]
  0x000002272e57b820 JavaThread "AWT-Windows"                daemon [_thread_in_native, id=19944, stack(0x0000008634600000,0x0000008634700000) (1024K)]
  0x00000227744799c0 JavaThread "AWT-EventQueue-0"                  [_thread_blocked, id=19428, stack(0x0000008634900000,0x0000008634a00000) (1024K)]
  0x000002270d0bf7e0 JavaThread "DestroyJavaVM"                     [_thread_blocked, id=19320, stack(0x0000008633200000,0x0000008633300000) (1024K)]
Total: 15

Other Threads:
  0x000002272e0dd180 VMThread "VM Thread"                           [id=14620, stack(0x0000008633900000,0x0000008633a00000) (1024K)]
  0x000002272e0c8d20 WatcherThread "VM Periodic Task Thread"        [id=16280, stack(0x0000008633800000,0x0000008633900000) (1024K)]
  0x000002270d1275f0 WorkerThread "GC Thread#0"                     [id=14264, stack(0x0000008633300000,0x0000008633400000) (1024K)]
  0x000002270d138430 ConcurrentGCThread "G1 Main Marker"            [id=13488, stack(0x0000008633400000,0x0000008633500000) (1024K)]
  0x000002270d139190 WorkerThread "G1 Conc#0"                       [id=9376, stack(0x0000008633500000,0x0000008633600000) (1024K)]
  0x000002272df8a5e0 ConcurrentGCThread "G1 Refine#0"               [id=3540, stack(0x0000008633600000,0x0000008633700000) (1024K)]
  0x000002272df8b070 ConcurrentGCThread "G1 Service"                [id=18916, stack(0x0000008633700000,0x0000008633800000) (1024K)]
Total: 7

Threads with active compile tasks:
C1 CompilerThread0  426563  585       3       jdk.internal.org.objectweb.asm.MethodWriter::putMethodInfo (1274 bytes)
Total: 1

VM state: not at safepoint (normal execution)

VM Mutex/Monitor currently owned by a thread: None

Heap address: 0x0000000701a00000, size: 4070 MB, Compressed Oops mode: Zero based, Oop shift amount: 3

CDS archive(s) mapped at: [0x000002272f000000-0x000002272fc60000-0x000002272fc60000), size 12976128, SharedBaseAddress: 0x000002272f000000, ArchiveRelocationMode: 1.
Compressed class space mapped at: 0x0000022730000000-0x0000022770000000, reserved size: 1073741824
Narrow klass base: 0x000002272f000000, Narrow klass shift: 0, Narrow klass range: 0x41000000

GC Precious Log:
 CardTable entry size: 512
 Card Set container configuration: InlinePtr #cards 4 size 8 Array Of Cards #cards 16 size 48 Howl #buckets 8 coarsen threshold 3686 Howl Bitmap #cards 512 size 80 coarsen threshold 460 Card regions per heap region 1 cards per card region 4096
 CPUs: 8 total, 8 available
 Memory: 16275M
 Large Page Support: Disabled
 NUMA Support: Disabled
 Compressed Oops: Enabled (Zero based)
 Heap Region Size: 2M
 Heap Min Capacity: 8M
 Heap Initial Capacity: 256M
 Heap Max Capacity: 4070M
 Pre-touch: Disabled
 Parallel Workers: 8
 Concurrent Workers: 2
 Concurrent Refinement Workers: 8
 Periodic GC: Disabled

Heap:
 garbage-first heap   total reserved 4167680K, committed 262144K, used 6144K [0x0000000701a00000, 0x0000000800000000)
  region size 2048K, 4 young (8192K), 0 survivors (0K)
 Metaspace       used 5698K, committed 5952K, reserved 1114112K
  class space    used 652K, committed 768K, reserved 1048576K

Heap Regions: E=young(eden), S=young(survivor), O=old, HS=humongous(starts), HC=humongous(continues), CS=collection set, F=free, TAMS=top-at-mark-start, PB=parsable bottom
|   0|0x0000000701a00000, 0x0000000701a00000, 0x0000000701c00000|  0%| F|  |TAMS 0x0000000701a00000| PB 0x0000000701a00000| Untracked |  0
|   1|0x0000000701c00000, 0x0000000701c00000, 0x0000000701e00000|  0%| F|  |TAMS 0x0000000701c00000| PB 0x0000000701c00000| Untracked |  0
|   2|0x0000000701e00000, 0x0000000701e00000, 0x0000000702000000|  0%| F|  |TAMS 0x0000000701e00000| PB 0x0000000701e00000| Untracked |  0
|   3|0x0000000702000000, 0x0000000702000000, 0x0000000702200000|  0%| F|  |TAMS 0x0000000702000000| PB 0x0000000702000000| Untracked |  0
|   4|0x0000000702200000, 0x0000000702200000, 0x0000000702400000|  0%| F|  |TAMS 0x0000000702200000| PB 0x0000000702200000| Untracked |  0
|   5|0x0000000702400000, 0x0000000702400000, 0x0000000702600000|  0%| F|  |TAMS 0x0000000702400000| PB 0x0000000702400000| Untracked |  0
|   6|0x0000000702600000, 0x0000000702600000, 0x0000000702800000|  0%| F|  |TAMS 0x0000000702600000| PB 0x0000000702600000| Untracked |  0
|   7|0x0000000702800000, 0x0000000702800000, 0x0000000702a00000|  0%| F|  |TAMS 0x0000000702800000| PB 0x0000000702800000| Untracked |  0
|   8|0x0000000702a00000, 0x0000000702a00000, 0x0000000702c00000|  0%| F|  |TAMS 0x0000000702a00000| PB 0x0000000702a00000| Untracked |  0
|   9|0x0000000702c00000, 0x0000000702c00000, 0x0000000702e00000|  0%| F|  |TAMS 0x0000000702c00000| PB 0x0000000702c00000| Untracked |  0
|  10|0x0000000702e00000, 0x0000000702e00000, 0x0000000703000000|  0%| F|  |TAMS 0x0000000702e00000| PB 0x0000000702e00000| Untracked |  0
|  11|0x0000000703000000, 0x0000000703000000, 0x0000000703200000|  0%| F|  |TAMS 0x0000000703000000| PB 0x0000000703000000| Untracked |  0
|  12|0x0000000703200000, 0x0000000703200000, 0x0000000703400000|  0%| F|  |TAMS 0x0000000703200000| PB 0x0000000703200000| Untracked |  0
|  13|0x0000000703400000, 0x0000000703400000, 0x0000000703600000|  0%| F|  |TAMS 0x0000000703400000| PB 0x0000000703400000| Untracked |  0
|  14|0x0000000703600000, 0x0000000703600000, 0x0000000703800000|  0%| F|  |TAMS 0x0000000703600000| PB 0x0000000703600000| Untracked |  0
|  15|0x0000000703800000, 0x0000000703800000, 0x0000000703a00000|  0%| F|  |TAMS 0x0000000703800000| PB 0x0000000703800000| Untracked |  0
|  16|0x0000000703a00000, 0x0000000703a00000, 0x0000000703c00000|  0%| F|  |TAMS 0x0000000703a00000| PB 0x0000000703a00000| Untracked |  0
|  17|0x0000000703c00000, 0x0000000703c00000, 0x0000000703e00000|  0%| F|  |TAMS 0x0000000703c00000| PB 0x0000000703c00000| Untracked |  0
|  18|0x0000000703e00000, 0x0000000703e00000, 0x0000000704000000|  0%| F|  |TAMS 0x0000000703e00000| PB 0x0000000703e00000| Untracked |  0
|  19|0x0000000704000000, 0x0000000704000000, 0x0000000704200000|  0%| F|  |TAMS 0x0000000704000000| PB 0x0000000704000000| Untracked |  0
|  20|0x0000000704200000, 0x0000000704200000, 0x0000000704400000|  0%| F|  |TAMS 0x0000000704200000| PB 0x0000000704200000| Untracked |  0
|  21|0x0000000704400000, 0x0000000704400000, 0x0000000704600000|  0%| F|  |TAMS 0x0000000704400000| PB 0x0000000704400000| Untracked |  0
|  22|0x0000000704600000, 0x0000000704600000, 0x0000000704800000|  0%| F|  |TAMS 0x0000000704600000| PB 0x0000000704600000| Untracked |  0
|  23|0x0000000704800000, 0x0000000704800000, 0x0000000704a00000|  0%| F|  |TAMS 0x0000000704800000| PB 0x0000000704800000| Untracked |  0
|  24|0x0000000704a00000, 0x0000000704a00000, 0x0000000704c00000|  0%| F|  |TAMS 0x0000000704a00000| PB 0x0000000704a00000| Untracked |  0
|  25|0x0000000704c00000, 0x0000000704c00000, 0x0000000704e00000|  0%| F|  |TAMS 0x0000000704c00000| PB 0x0000000704c00000| Untracked |  0
|  26|0x0000000704e00000, 0x0000000704e00000, 0x0000000705000000|  0%| F|  |TAMS 0x0000000704e00000| PB 0x0000000704e00000| Untracked |  0
|  27|0x0000000705000000, 0x0000000705000000, 0x0000000705200000|  0%| F|  |TAMS 0x0000000705000000| PB 0x0000000705000000| Untracked |  0
|  28|0x0000000705200000, 0x0000000705200000, 0x0000000705400000|  0%| F|  |TAMS 0x0000000705200000| PB 0x0000000705200000| Untracked |  0
|  29|0x0000000705400000, 0x0000000705400000, 0x0000000705600000|  0%| F|  |TAMS 0x0000000705400000| PB 0x0000000705400000| Untracked |  0
|  30|0x0000000705600000, 0x0000000705600000, 0x0000000705800000|  0%| F|  |TAMS 0x0000000705600000| PB 0x0000000705600000| Untracked |  0
|  31|0x0000000705800000, 0x0000000705800000, 0x0000000705a00000|  0%| F|  |TAMS 0x0000000705800000| PB 0x0000000705800000| Untracked |  0
|  32|0x0000000705a00000, 0x0000000705a00000, 0x0000000705c00000|  0%| F|  |TAMS 0x0000000705a00000| PB 0x0000000705a00000| Untracked |  0
|  33|0x0000000705c00000, 0x0000000705c00000, 0x0000000705e00000|  0%| F|  |TAMS 0x0000000705c00000| PB 0x0000000705c00000| Untracked |  0
|  34|0x0000000705e00000, 0x0000000705e00000, 0x0000000706000000|  0%| F|  |TAMS 0x0000000705e00000| PB 0x0000000705e00000| Untracked |  0
|  35|0x0000000706000000, 0x0000000706000000, 0x0000000706200000|  0%| F|  |TAMS 0x0000000706000000| PB 0x0000000706000000| Untracked |  0
|  36|0x0000000706200000, 0x0000000706200000, 0x0000000706400000|  0%| F|  |TAMS 0x0000000706200000| PB 0x0000000706200000| Untracked |  0
|  37|0x0000000706400000, 0x0000000706400000, 0x0000000706600000|  0%| F|  |TAMS 0x0000000706400000| PB 0x0000000706400000| Untracked |  0
|  38|0x0000000706600000, 0x0000000706600000, 0x0000000706800000|  0%| F|  |TAMS 0x0000000706600000| PB 0x0000000706600000| Untracked |  0
|  39|0x0000000706800000, 0x0000000706800000, 0x0000000706a00000|  0%| F|  |TAMS 0x0000000706800000| PB 0x0000000706800000| Untracked |  0
|  40|0x0000000706a00000, 0x0000000706a00000, 0x0000000706c00000|  0%| F|  |TAMS 0x0000000706a00000| PB 0x0000000706a00000| Untracked |  0
|  41|0x0000000706c00000, 0x0000000706c00000, 0x0000000706e00000|  0%| F|  |TAMS 0x0000000706c00000| PB 0x0000000706c00000| Untracked |  0
|  42|0x0000000706e00000, 0x0000000706e00000, 0x0000000707000000|  0%| F|  |TAMS 0x0000000706e00000| PB 0x0000000706e00000| Untracked |  0
|  43|0x0000000707000000, 0x0000000707000000, 0x0000000707200000|  0%| F|  |TAMS 0x0000000707000000| PB 0x0000000707000000| Untracked |  0
|  44|0x0000000707200000, 0x0000000707200000, 0x0000000707400000|  0%| F|  |TAMS 0x0000000707200000| PB 0x0000000707200000| Untracked |  0
|  45|0x0000000707400000, 0x0000000707400000, 0x0000000707600000|  0%| F|  |TAMS 0x0000000707400000| PB 0x0000000707400000| Untracked |  0
|  46|0x0000000707600000, 0x0000000707600000, 0x0000000707800000|  0%| F|  |TAMS 0x0000000707600000| PB 0x0000000707600000| Untracked |  0
|  47|0x0000000707800000, 0x0000000707800000, 0x0000000707a00000|  0%| F|  |TAMS 0x0000000707800000| PB 0x0000000707800000| Untracked |  0
|  48|0x0000000707a00000, 0x0000000707a00000, 0x0000000707c00000|  0%| F|  |TAMS 0x0000000707a00000| PB 0x0000000707a00000| Untracked |  0
|  49|0x0000000707c00000, 0x0000000707c00000, 0x0000000707e00000|  0%| F|  |TAMS 0x0000000707c00000| PB 0x0000000707c00000| Untracked |  0
|  50|0x0000000707e00000, 0x0000000707e00000, 0x0000000708000000|  0%| F|  |TAMS 0x0000000707e00000| PB 0x0000000707e00000| Untracked |  0
|  51|0x0000000708000000, 0x0000000708000000, 0x0000000708200000|  0%| F|  |TAMS 0x0000000708000000| PB 0x0000000708000000| Untracked |  0
|  52|0x0000000708200000, 0x0000000708200000, 0x0000000708400000|  0%| F|  |TAMS 0x0000000708200000| PB 0x0000000708200000| Untracked |  0
|  53|0x0000000708400000, 0x0000000708400000, 0x0000000708600000|  0%| F|  |TAMS 0x0000000708400000| PB 0x0000000708400000| Untracked |  0
|  54|0x0000000708600000, 0x0000000708600000, 0x0000000708800000|  0%| F|  |TAMS 0x0000000708600000| PB 0x0000000708600000| Untracked |  0
|  55|0x0000000708800000, 0x0000000708800000, 0x0000000708a00000|  0%| F|  |TAMS 0x0000000708800000| PB 0x0000000708800000| Untracked |  0
|  56|0x0000000708a00000, 0x0000000708a00000, 0x0000000708c00000|  0%| F|  |TAMS 0x0000000708a00000| PB 0x0000000708a00000| Untracked |  0
|  57|0x0000000708c00000, 0x0000000708c00000, 0x0000000708e00000|  0%| F|  |TAMS 0x0000000708c00000| PB 0x0000000708c00000| Untracked |  0
|  58|0x0000000708e00000, 0x0000000708e00000, 0x0000000709000000|  0%| F|  |TAMS 0x0000000708e00000| PB 0x0000000708e00000| Untracked |  0
|  59|0x0000000709000000, 0x0000000709000000, 0x0000000709200000|  0%| F|  |TAMS 0x0000000709000000| PB 0x0000000709000000| Untracked |  0
|  60|0x0000000709200000, 0x0000000709200000, 0x0000000709400000|  0%| F|  |TAMS 0x0000000709200000| PB 0x0000000709200000| Untracked |  0
|  61|0x0000000709400000, 0x0000000709400000, 0x0000000709600000|  0%| F|  |TAMS 0x0000000709400000| PB 0x0000000709400000| Untracked |  0
|  62|0x0000000709600000, 0x0000000709600000, 0x0000000709800000|  0%| F|  |TAMS 0x0000000709600000| PB 0x0000000709600000| Untracked |  0
|  63|0x0000000709800000, 0x0000000709800000, 0x0000000709a00000|  0%| F|  |TAMS 0x0000000709800000| PB 0x0000000709800000| Untracked |  0
|  64|0x0000000709a00000, 0x0000000709a00000, 0x0000000709c00000|  0%| F|  |TAMS 0x0000000709a00000| PB 0x0000000709a00000| Untracked |  0
|  65|0x0000000709c00000, 0x0000000709c00000, 0x0000000709e00000|  0%| F|  |TAMS 0x0000000709c00000| PB 0x0000000709c00000| Untracked |  0
|  66|0x0000000709e00000, 0x0000000709e00000, 0x000000070a000000|  0%| F|  |TAMS 0x0000000709e00000| PB 0x0000000709e00000| Untracked |  0
|  67|0x000000070a000000, 0x000000070a000000, 0x000000070a200000|  0%| F|  |TAMS 0x000000070a000000| PB 0x000000070a000000| Untracked |  0
|  68|0x000000070a200000, 0x000000070a200000, 0x000000070a400000|  0%| F|  |TAMS 0x000000070a200000| PB 0x000000070a200000| Untracked |  0
|  69|0x000000070a400000, 0x000000070a400000, 0x000000070a600000|  0%| F|  |TAMS 0x000000070a400000| PB 0x000000070a400000| Untracked |  0
|  70|0x000000070a600000, 0x000000070a600000, 0x000000070a800000|  0%| F|  |TAMS 0x000000070a600000| PB 0x000000070a600000| Untracked |  0
|  71|0x000000070a800000, 0x000000070a800000, 0x000000070aa00000|  0%| F|  |TAMS 0x000000070a800000| PB 0x000000070a800000| Untracked |  0
|  72|0x000000070aa00000, 0x000000070aa00000, 0x000000070ac00000|  0%| F|  |TAMS 0x000000070aa00000| PB 0x000000070aa00000| Untracked |  0
|  73|0x000000070ac00000, 0x000000070ac00000, 0x000000070ae00000|  0%| F|  |TAMS 0x000000070ac00000| PB 0x000000070ac00000| Untracked |  0
|  74|0x000000070ae00000, 0x000000070ae00000, 0x000000070b000000|  0%| F|  |TAMS 0x000000070ae00000| PB 0x000000070ae00000| Untracked |  0
|  75|0x000000070b000000, 0x000000070b000000, 0x000000070b200000|  0%| F|  |TAMS 0x000000070b000000| PB 0x000000070b000000| Untracked |  0
|  76|0x000000070b200000, 0x000000070b200000, 0x000000070b400000|  0%| F|  |TAMS 0x000000070b200000| PB 0x000000070b200000| Untracked |  0
|  77|0x000000070b400000, 0x000000070b400000, 0x000000070b600000|  0%| F|  |TAMS 0x000000070b400000| PB 0x000000070b400000| Untracked |  0
|  78|0x000000070b600000, 0x000000070b600000, 0x000000070b800000|  0%| F|  |TAMS 0x000000070b600000| PB 0x000000070b600000| Untracked |  0
|  79|0x000000070b800000, 0x000000070b800000, 0x000000070ba00000|  0%| F|  |TAMS 0x000000070b800000| PB 0x000000070b800000| Untracked |  0
|  80|0x000000070ba00000, 0x000000070ba00000, 0x000000070bc00000|  0%| F|  |TAMS 0x000000070ba00000| PB 0x000000070ba00000| Untracked |  0
|  81|0x000000070bc00000, 0x000000070bc00000, 0x000000070be00000|  0%| F|  |TAMS 0x000000070bc00000| PB 0x000000070bc00000| Untracked |  0
|  82|0x000000070be00000, 0x000000070be00000, 0x000000070c000000|  0%| F|  |TAMS 0x000000070be00000| PB 0x000000070be00000| Untracked |  0
|  83|0x000000070c000000, 0x000000070c000000, 0x000000070c200000|  0%| F|  |TAMS 0x000000070c000000| PB 0x000000070c000000| Untracked |  0
|  84|0x000000070c200000, 0x000000070c200000, 0x000000070c400000|  0%| F|  |TAMS 0x000000070c200000| PB 0x000000070c200000| Untracked |  0
|  85|0x000000070c400000, 0x000000070c400000, 0x000000070c600000|  0%| F|  |TAMS 0x000000070c400000| PB 0x000000070c400000| Untracked |  0
|  86|0x000000070c600000, 0x000000070c600000, 0x000000070c800000|  0%| F|  |TAMS 0x000000070c600000| PB 0x000000070c600000| Untracked |  0
|  87|0x000000070c800000, 0x000000070c800000, 0x000000070ca00000|  0%| F|  |TAMS 0x000000070c800000| PB 0x000000070c800000| Untracked |  0
|  88|0x000000070ca00000, 0x000000070ca00000, 0x000000070cc00000|  0%| F|  |TAMS 0x000000070ca00000| PB 0x000000070ca00000| Untracked |  0
|  89|0x000000070cc00000, 0x000000070cc00000, 0x000000070ce00000|  0%| F|  |TAMS 0x000000070cc00000| PB 0x000000070cc00000| Untracked |  0
|  90|0x000000070ce00000, 0x000000070ce00000, 0x000000070d000000|  0%| F|  |TAMS 0x000000070ce00000| PB 0x000000070ce00000| Untracked |  0
|  91|0x000000070d000000, 0x000000070d000000, 0x000000070d200000|  0%| F|  |TAMS 0x000000070d000000| PB 0x000000070d000000| Untracked |  0
|  92|0x000000070d200000, 0x000000070d200000, 0x000000070d400000|  0%| F|  |TAMS 0x000000070d200000| PB 0x000000070d200000| Untracked |  0
|  93|0x000000070d400000, 0x000000070d400000, 0x000000070d600000|  0%| F|  |TAMS 0x000000070d400000| PB 0x000000070d400000| Untracked |  0
|  94|0x000000070d600000, 0x000000070d600000, 0x000000070d800000|  0%| F|  |TAMS 0x000000070d600000| PB 0x000000070d600000| Untracked |  0
|  95|0x000000070d800000, 0x000000070d800000, 0x000000070da00000|  0%| F|  |TAMS 0x000000070d800000| PB 0x000000070d800000| Untracked |  0
|  96|0x000000070da00000, 0x000000070da00000, 0x000000070dc00000|  0%| F|  |TAMS 0x000000070da00000| PB 0x000000070da00000| Untracked |  0
|  97|0x000000070dc00000, 0x000000070dc00000, 0x000000070de00000|  0%| F|  |TAMS 0x000000070dc00000| PB 0x000000070dc00000| Untracked |  0
|  98|0x000000070de00000, 0x000000070de00000, 0x000000070e000000|  0%| F|  |TAMS 0x000000070de00000| PB 0x000000070de00000| Untracked |  0
|  99|0x000000070e000000, 0x000000070e000000, 0x000000070e200000|  0%| F|  |TAMS 0x000000070e000000| PB 0x000000070e000000| Untracked |  0
| 100|0x000000070e200000, 0x000000070e200000, 0x000000070e400000|  0%| F|  |TAMS 0x000000070e200000| PB 0x000000070e200000| Untracked |  0
| 101|0x000000070e400000, 0x000000070e400000, 0x000000070e600000|  0%| F|  |TAMS 0x000000070e400000| PB 0x000000070e400000| Untracked |  0
| 102|0x000000070e600000, 0x000000070e600000, 0x000000070e800000|  0%| F|  |TAMS 0x000000070e600000| PB 0x000000070e600000| Untracked |  0
| 103|0x000000070e800000, 0x000000070e800000, 0x000000070ea00000|  0%| F|  |TAMS 0x000000070e800000| PB 0x000000070e800000| Untracked |  0
| 104|0x000000070ea00000, 0x000000070ea00000, 0x000000070ec00000|  0%| F|  |TAMS 0x000000070ea00000| PB 0x000000070ea00000| Untracked |  0
| 105|0x000000070ec00000, 0x000000070ec00000, 0x000000070ee00000|  0%| F|  |TAMS 0x000000070ec00000| PB 0x000000070ec00000| Untracked |  0
| 106|0x000000070ee00000, 0x000000070ee00000, 0x000000070f000000|  0%| F|  |TAMS 0x000000070ee00000| PB 0x000000070ee00000| Untracked |  0
| 107|0x000000070f000000, 0x000000070f000000, 0x000000070f200000|  0%| F|  |TAMS 0x000000070f000000| PB 0x000000070f000000| Untracked |  0
| 108|0x000000070f200000, 0x000000070f200000, 0x000000070f400000|  0%| F|  |TAMS 0x000000070f200000| PB 0x000000070f200000| Untracked |  0
| 109|0x000000070f400000, 0x000000070f400000, 0x000000070f600000|  0%| F|  |TAMS 0x000000070f400000| PB 0x000000070f400000| Untracked |  0
| 110|0x000000070f600000, 0x000000070f600000, 0x000000070f800000|  0%| F|  |TAMS 0x000000070f600000| PB 0x000000070f600000| Untracked |  0
| 111|0x000000070f800000, 0x000000070f800000, 0x000000070fa00000|  0%| F|  |TAMS 0x000000070f800000| PB 0x000000070f800000| Untracked |  0
| 112|0x000000070fa00000, 0x000000070fa00000, 0x000000070fc00000|  0%| F|  |TAMS 0x000000070fa00000| PB 0x000000070fa00000| Untracked |  0
| 113|0x000000070fc00000, 0x000000070fc00000, 0x000000070fe00000|  0%| F|  |TAMS 0x000000070fc00000| PB 0x000000070fc00000| Untracked |  0
| 114|0x000000070fe00000, 0x000000070fe00000, 0x0000000710000000|  0%| F|  |TAMS 0x000000070fe00000| PB 0x000000070fe00000| Untracked |  0
| 115|0x0000000710000000, 0x0000000710000000, 0x0000000710200000|  0%| F|  |TAMS 0x0000000710000000| PB 0x0000000710000000| Untracked |  0
| 116|0x0000000710200000, 0x0000000710200000, 0x0000000710400000|  0%| F|  |TAMS 0x0000000710200000| PB 0x0000000710200000| Untracked |  0
| 117|0x0000000710400000, 0x0000000710400000, 0x0000000710600000|  0%| F|  |TAMS 0x0000000710400000| PB 0x0000000710400000| Untracked |  0
| 118|0x0000000710600000, 0x0000000710600000, 0x0000000710800000|  0%| F|  |TAMS 0x0000000710600000| PB 0x0000000710600000| Untracked |  0
| 119|0x0000000710800000, 0x0000000710800000, 0x0000000710a00000|  0%| F|  |TAMS 0x0000000710800000| PB 0x0000000710800000| Untracked |  0
| 120|0x0000000710a00000, 0x0000000710a00000, 0x0000000710c00000|  0%| F|  |TAMS 0x0000000710a00000| PB 0x0000000710a00000| Untracked |  0
| 121|0x0000000710c00000, 0x0000000710c00000, 0x0000000710e00000|  0%| F|  |TAMS 0x0000000710c00000| PB 0x0000000710c00000| Untracked |  0
| 122|0x0000000710e00000, 0x0000000710e00000, 0x0000000711000000|  0%| F|  |TAMS 0x0000000710e00000| PB 0x0000000710e00000| Untracked |  0
| 123|0x0000000711000000, 0x0000000711000000, 0x0000000711200000|  0%| F|  |TAMS 0x0000000711000000| PB 0x0000000711000000| Untracked |  0
| 124|0x0000000711200000, 0x0000000711370af0, 0x0000000711400000| 72%| E|  |TAMS 0x0000000711200000| PB 0x0000000711200000| Complete |  0
| 125|0x0000000711400000, 0x0000000711600000, 0x0000000711600000|100%| E|CS|TAMS 0x0000000711400000| PB 0x0000000711400000| Complete |  0
| 126|0x0000000711600000, 0x0000000711800000, 0x0000000711800000|100%| E|CS|TAMS 0x0000000711600000| PB 0x0000000711600000| Complete |  0
| 127|0x0000000711800000, 0x0000000711a00000, 0x0000000711a00000|100%| E|CS|TAMS 0x0000000711800000| PB 0x0000000711800000| Complete |  0

Card table byte_map: [0x0000022726e80000,0x0000022727680000] _byte_map_base: 0x0000022723673000

Marking Bits: (CMBitMap*) 0x000002270d127d00
 Bits: [0x0000022727680000, 0x000002272b618000)

Polling page: 0x000002270d180000

Metaspace:

Usage:
  Non-class:      4.93 MB used.
      Class:    652.85 KB used.
       Both:      5.57 MB used.

Virtual space:
  Non-class space:       64.00 MB reserved,       5.06 MB (  8%) committed,  1 nodes.
      Class space:        1.00 GB reserved,     768.00 KB ( <1%) committed,  1 nodes.
             Both:        1.06 GB reserved,       5.81 MB ( <1%) committed. 

Chunk freelists:
   Non-Class:  10.85 MB
       Class:  15.24 MB
        Both:  26.09 MB

MaxMetaspaceSize: unlimited
CompressedClassSpaceSize: 1.00 GB
Initial GC threshold: 21.00 MB
Current GC threshold: 21.00 MB
CDS: on
 - commit_granule_bytes: 65536.
 - commit_granule_words: 8192.
 - virtual_space_node_default_size: 8388608.
 - enlarge_chunks_in_place: 1.
 - use_allocation_guard: 0.


Internal statistics:

num_allocs_failed_limit: 0.
num_arena_births: 148.
num_arena_deaths: 0.
num_vsnodes_births: 2.
num_vsnodes_deaths: 0.
num_space_committed: 93.
num_space_uncommitted: 0.
num_chunks_returned_to_freelist: 0.
num_chunks_taken_from_freelist: 187.
num_chunk_merges: 0.
num_chunk_splits: 111.
num_chunks_enlarged: 38.
num_inconsistent_stats: 0.

CodeHeap 'non-profiled nmethods': size=120000Kb used=168Kb max_used=168Kb free=119831Kb
 bounds [0x000002271e6e0000, 0x000002271e950000, 0x0000022725c10000]
CodeHeap 'profiled nmethods': size=120000Kb used=793Kb max_used=793Kb free=119206Kb
 bounds [0x0000022716c10000, 0x0000022716e80000, 0x000002271e140000]
CodeHeap 'non-nmethods': size=5760Kb used=1479Kb max_used=1479Kb free=4280Kb
 bounds [0x000002271e140000, 0x000002271e3b0000, 0x000002271e6e0000]
 total_blobs=1141 nmethods=584 adapters=462
 compilation: enabled
              stopped_count=0, restarted_count=0
 full_count=0

Compilation events (20 events):
Event: 0.355 Thread 0x000002272e114d80 nmethod 575 0x0000022716cd3910 code [0x0000022716cd3ae0, 0x0000022716cd3d50]
Event: 0.355 Thread 0x000002272e114d80  576       1       java.util.concurrent.locks.AbstractOwnableSynchronizer::setExclusiveOwnerThread (6 bytes)
Event: 0.355 Thread 0x000002272e114d80 nmethod 576 0x000002271e709710 code [0x000002271e7098a0, 0x000002271e7099b8]
Event: 0.355 Thread 0x000002272e114d80  577       3       java.util.HashMap$KeyIterator::next (8 bytes)
Event: 0.355 Thread 0x000002272e114d80 nmethod 577 0x0000022716cd3e90 code [0x0000022716cd4040, 0x0000022716cd4180]
Event: 0.355 Thread 0x000002272e114d80  578       1       java.util.concurrent.locks.AbstractOwnableSynchronizer::getExclusiveOwnerThread (5 bytes)
Event: 0.356 Thread 0x000002272e114d80 nmethod 578 0x000002271e709a10 code [0x000002271e709ba0, 0x000002271e709c70]
Event: 0.356 Thread 0x000002272e114d80  579       1       java.util.concurrent.locks.AbstractQueuedSynchronizer::getState (5 bytes)
Event: 0.356 Thread 0x000002272e114d80 nmethod 579 0x000002271e709d10 code [0x000002271e709ea0, 0x000002271e709f68]
Event: 0.356 Thread 0x000002272e114d80  580       1       java.util.concurrent.locks.AbstractQueuedSynchronizer::setState (6 bytes)
Event: 0.356 Thread 0x000002272e114d80 nmethod 580 0x000002271e70a010 code [0x000002271e70a1a0, 0x000002271e70a270]
Event: 426.445 Thread 0x000002272e114d80  581       3       jdk.internal.org.objectweb.asm.MethodWriter::visitMaxs (60 bytes)
Event: 426.445 Thread 0x000002272e114d80 nmethod 581 0x0000022716cd4290 code [0x0000022716cd4460, 0x0000022716cd4718]
Event: 426.445 Thread 0x000002272e114d80  582       3       jdk.internal.org.objectweb.asm.MethodWriter::visitEnd (1 bytes)
Event: 426.445 Thread 0x000002272e114d80 nmethod 582 0x0000022716cd4810 code [0x0000022716cd49a0, 0x0000022716cd4aa8]
Event: 426.445 Thread 0x000002272e114d80  583       3       jdk.internal.org.objectweb.asm.MethodWriter::computeMethodInfoSize (571 bytes)
Event: 426.446 Thread 0x000002272e114d80 nmethod 583 0x0000022716cd4b10 code [0x0000022716cd4e40, 0x0000022716cd5d38]
Event: 426.446 Thread 0x000002272e114d80  584       3       jdk.internal.org.objectweb.asm.MethodWriter::hasFrames (13 bytes)
Event: 426.446 Thread 0x000002272e114d80 nmethod 584 0x0000022716cd6390 code [0x0000022716cd6520, 0x0000022716cd6680]
Event: 426.446 Thread 0x000002272e114d80  585       3       jdk.internal.org.objectweb.asm.MethodWriter::putMethodInfo (1274 bytes)

GC Heap History (0 events):
No events

Dll operation events (6 events):
Event: 0.005 Loaded shared library C:\Program Files\Java\jdk-22\bin\java.dll
Event: 0.025 Loaded shared library C:\Program Files\Java\jdk-22\bin\jsvml.dll
Event: 0.056 Loaded shared library C:\Program Files\Java\jdk-22\bin\jimage.dll
Event: 0.069 Loaded shared library C:\Program Files\Java\jdk-22\bin\awt.dll
Event: 0.325 Loaded shared library C:\Program Files\Java\jdk-22\bin\freetype.dll
Event: 0.326 Loaded shared library C:\Program Files\Java\jdk-22\bin\fontmanager.dll

Deoptimization events (0 events):
No events

Classes loaded (20 events):
Event: 0.354 Loading class javax/swing/plaf/metal/MetalLabelUI
Event: 0.354 Loading class javax/swing/plaf/basic/BasicLabelUI
Event: 0.354 Loading class javax/swing/plaf/LabelUI
Event: 0.354 Loading class javax/swing/plaf/LabelUI done
Event: 0.354 Loading class javax/swing/plaf/basic/BasicLabelUI done
Event: 0.354 Loading class javax/swing/plaf/metal/MetalLabelUI done
Event: 0.354 Loading class javax/swing/plaf/metal/DefaultMetalTheme$FontDelegate$1
Event: 0.354 Loading class javax/swing/plaf/metal/DefaultMetalTheme$FontDelegate$1 done
Event: 0.354 Loading class javax/swing/plaf/basic/BasicHTML
Event: 0.354 Loading class javax/swing/plaf/basic/BasicHTML done
Event: 0.355 Loading class java/lang/Throwable$WrappedPrintStream
Event: 0.355 Loading class java/lang/Throwable$PrintStreamOrWriter
Event: 0.355 Loading class java/lang/Throwable$PrintStreamOrWriter done
Event: 0.355 Loading class java/lang/Throwable$WrappedPrintStream done
Event: 0.355 Loading class java/lang/StackTraceElement$HashedModules
Event: 0.355 Loading class java/lang/StackTraceElement$HashedModules done
Event: 426.447 Loading class java/util/WeakHashMap$KeyIterator
Event: 426.447 Loading class java/util/WeakHashMap$HashIterator
Event: 426.447 Loading class java/util/WeakHashMap$HashIterator done
Event: 426.447 Loading class java/util/WeakHashMap$KeyIterator done

Classes unloaded (0 events):
No events

Classes redefined (0 events):
No events

Internal exceptions (14 events):
Event: 0.061 Thread 0x000002270d0bf7e0 Exception <a 'java/lang/ClassNotFoundException'{0x00000007116af4d8}: sun/awt/resources/spi/awtProvider> (0x00000007116af4d8) 
thrown [s\open\src\hotspot\share\classfile\systemDictionary.cpp, line 313]
Event: 0.076 Thread 0x000002270d0bf7e0 Exception <a 'java/io/FileNotFoundException'{0x0000000711707fd8}> (0x0000000711707fd8) 
thrown [s\open\src\hotspot\share\prims\jni.cpp, line 520]
Event: 0.080 Thread 0x000002270d0bf7e0 Exception <a 'java/io/FileNotFoundException'{0x00000007117362b0}> (0x00000007117362b0) 
thrown [s\open\src\hotspot\share\prims\jni.cpp, line 520]
Event: 0.276 Thread 0x000002270d0bf7e0 Exception <a 'java/lang/NoSuchMethodError'{0x00000007117d2928}: 'void java.lang.invoke.DirectMethodHandle$Holder.invokeSpecial(java.lang.Object, java.lang.Object, java.lang.Object)'> (0x00000007117d2928) 
thrown [s\open\src\hotspot\share\interpreter\linkResolver.cpp, line 774]
Event: 0.280 Thread 0x000002270d0bf7e0 Exception <a 'java/lang/NoSuchMethodError'{0x0000000711488370}: 'java.lang.Object java.lang.invoke.DirectMethodHandle$Holder.newInvokeSpecial(java.lang.Object, java.lang.Object, java.lang.Object, java.lang.Object, java.lang.Object)'> (0x0000000711488370) 
thrown [s\open\src\hotspot\share\interpreter\linkResolver.cpp, line 774]
Event: 0.284 Thread 0x000002270d0bf7e0 Exception <a 'java/lang/NoSuchMethodError'{0x00000007114b4c88}: 'java.lang.Object java.lang.invoke.DirectMethodHandle$Holder.invokeStatic(java.lang.Object, int, java.lang.Object)'> (0x00000007114b4c88) 
thrown [s\open\src\hotspot\share\interpreter\linkResolver.cpp, line 774]
Event: 0.298 Thread 0x000002270d0bf7e0 Exception <a 'java/lang/ClassNotFoundException'{0x0000000711556d38}: com/sun/swing/internal/plaf/metal/resources/spi/metalProvider> (0x0000000711556d38) 
thrown [s\open\src\hotspot\share\classfile\systemDictionary.cpp, line 313]
Event: 0.299 Thread 0x000002270d0bf7e0 Exception <a 'java/lang/ClassNotFoundException'{0x000000071155ad68}: com/sun/swing/internal/plaf/basic/resources/spi/basicProvider> (0x000000071155ad68) 
thrown [s\open\src\hotspot\share\classfile\systemDictionary.cpp, line 313]
Event: 0.306 Thread 0x000002270d0bf7e0 Exception <a 'java/lang/NoSuchMethodError'{0x000000071157ad10}: 'int java.lang.invoke.Invokers$Holder.invokeExact_MT(java.lang.Object, java.lang.Object)'> (0x000000071157ad10) 
thrown [s\open\src\hotspot\share\interpreter\linkResolver.cpp, line 774]
Event: 0.313 Thread 0x000002272e57b820 Exception <a 'java/lang/NoSuchMethodError'{0x000000071140e960}: 'void java.lang.invoke.DirectMethodHandle$Holder.invokeVirtual(java.lang.Object, java.lang.Object)'> (0x000000071140e960) 
thrown [s\open\src\hotspot\share\interpreter\linkResolver.cpp, line 774]
Event: 0.322 Thread 0x000002270d0bf7e0 Exception <a 'java/lang/NoSuchMethodError'{0x00000007115a49a8}: 'void java.lang.invoke.DirectMethodHandle$Holder.invokeStaticInit(java.lang.Object)'> (0x00000007115a49a8) 
thrown [s\open\src\hotspot\share\interpreter\linkResolver.cpp, line 774]
Event: 0.352 Thread 0x000002277448e820 Exception <a 'java/io/FileNotFoundException'{0x000000071127afb0}> (0x000000071127afb0) 
thrown [s\open\src\hotspot\share\prims\jni.cpp, line 520]
Event: 0.353 Thread 0x000002277448e820 Exception <a 'java/lang/NoSuchMethodError'{0x00000007112834e8}: 'java.lang.Object java.lang.invoke.DirectMethodHandle$Holder.newInvokeSpecial(java.lang.Object, java.lang.Object, java.lang.Object, int, int, int, int, int)'> (0x00000007112834e8) 
thrown [s\open\src\hotspot\share\interpreter\linkResolver.cpp, line 774]
Event: 0.355 Thread 0x000002270d0bf7e0 Exception <a 'java/lang/NullPointerException'{0x00000007112197f8}> (0x00000007112197f8) 
thrown [s\open\src\hotspot\share\interpreter\linkResolver.cpp, line 1374]

ZGC Phase Switch (0 events):
No events

VM Operations (10 events):
Event: 0.298 Executing VM operation: HandshakeAllThreads (Deoptimize)
Event: 0.298 Executing VM operation: HandshakeAllThreads (Deoptimize) done
Event: 0.316 Executing VM operation: HandshakeAllThreads (Deoptimize)
Event: 0.316 Executing VM operation: HandshakeAllThreads (Deoptimize) done
Event: 1.316 Executing VM operation: Cleanup
Event: 1.316 Executing VM operation: Cleanup done
Event: 60.135 Executing VM operation: HandshakeAllThreads (HandshakeForDeflation)
Event: 60.135 Executing VM operation: HandshakeAllThreads (HandshakeForDeflation) done
Event: 60.135 Executing VM operation: RendezvousGCThreads
Event: 60.135 Executing VM operation: RendezvousGCThreads done

Events (19 events):
Event: 0.017 Thread 0x000002270d0bf7e0 Thread added: 0x000002270d0bf7e0
Event: 0.023 Thread 0x000002272e0fa010 Thread added: 0x000002272e0fa010
Event: 0.023 Thread 0x000002272e0fb0e0 Thread added: 0x000002272e0fb0e0
Event: 0.024 Thread 0x000002272e0ff280 Thread added: 0x000002272e0ff280
Event: 0.024 Thread 0x000002272e103e00 Thread added: 0x000002272e103e00
Event: 0.024 Thread 0x000002272e104e40 Thread added: 0x000002272e104e40
Event: 0.024 Thread 0x000002272e10f4d0 Thread added: 0x000002272e10f4d0
Event: 0.024 Thread 0x000002272e1138e0 Thread added: 0x000002272e1138e0
Event: 0.024 Thread 0x000002272e114d80 Thread added: 0x000002272e114d80
Event: 0.034 Thread 0x000002272e3a3f00 Thread added: 0x000002272e3a3f00
Event: 0.039 Thread 0x000002272e3aaf80 Thread added: 0x000002272e3aaf80
Event: 0.110 Thread 0x000002272e56c6e0 Thread added: 0x000002272e56c6e0
Event: 0.111 Thread 0x000002272e56f810 Thread added: 0x000002272e56f810
Event: 0.112 Thread 0x000002272e57b820 Thread added: 0x000002272e57b820
Event: 0.308 Thread 0x00000227744799c0 Thread added: 0x00000227744799c0
Event: 0.351 Thread 0x000002277448e820 Thread added: 0x000002277448e820
Event: 0.356 Thread 0x000002270d0bf7e0 Thread exited: 0x000002270d0bf7e0
Event: 0.356 Thread 0x000002270d0bf7e0 Thread added: 0x000002270d0bf7e0
Event: 5.353 Thread 0x000002277448e820 Thread exited: 0x000002277448e820


Dynamic libraries:
0x00007ff686e80000 - 0x00007ff686e90000 	C:\Program Files\Java\jdk-22\bin\java.exe
0x00007ffe00d40000 - 0x00007ffe00f30000 	C:\WINDOWS\SYSTEM32\ntdll.dll
0x00007ffe00110000 - 0x00007ffe001c2000 	C:\WINDOWS\System32\KERNEL32.DLL
0x00007ffdfe0b0000 - 0x00007ffdfe355000 	C:\WINDOWS\System32\KERNELBASE.dll
0x00007ffdfdf80000 - 0x00007ffdfe07a000 	C:\WINDOWS\System32\ucrtbase.dll
0x00007ffde1920000 - 0x00007ffde1937000 	C:\Program Files\Java\jdk-22\bin\jli.dll
0x00007ffdfa360000 - 0x00007ffdfa37b000 	C:\Program Files\Java\jdk-22\bin\VCRUNTIME140.dll
0x00007ffe001d0000 - 0x00007ffe00273000 	C:\WINDOWS\System32\ADVAPI32.dll
0x00007ffe00070000 - 0x00007ffe0010e000 	C:\WINDOWS\System32\msvcrt.dll
0x00007ffdff4f0000 - 0x00007ffdff587000 	C:\WINDOWS\System32\sechost.dll
0x00007ffdfff50000 - 0x00007ffe0006f000 	C:\WINDOWS\System32\RPCRT4.dll
0x00007ffdffbd0000 - 0x00007ffdffd64000 	C:\WINDOWS\System32\USER32.dll
0x00007ffdfe080000 - 0x00007ffdfe0a1000 	C:\WINDOWS\System32\win32u.dll
0x00007ffde9a10000 - 0x00007ffde9c94000 	C:\WINDOWS\WinSxS\amd64_microsoft.windows.common-controls_6595b64144ccf1df_6.0.18362.1556_none_9e7e372fe45e41d5\COMCTL32.dll
0x00007ffdff590000 - 0x00007ffdff5b6000 	C:\WINDOWS\System32\GDI32.dll
0x00007ffdff620000 - 0x00007ffdff956000 	C:\WINDOWS\System32\combase.dll
0x00007ffdfdde0000 - 0x00007ffdfdf78000 	C:\WINDOWS\System32\gdi32full.dll
0x00007ffdfec50000 - 0x00007ffdfecd1000 	C:\WINDOWS\System32\bcryptPrimitives.dll
0x00007ffdfeb40000 - 0x00007ffdfebde000 	C:\WINDOWS\System32\msvcp_win.dll
0x00007ffdf6a50000 - 0x00007ffdf6a5a000 	C:\WINDOWS\SYSTEM32\VERSION.dll
0x00007ffdff440000 - 0x00007ffdff46e000 	C:\WINDOWS\System32\IMM32.DLL
0x00007ffdfa880000 - 0x00007ffdfa88c000 	C:\Program Files\Java\jdk-22\bin\vcruntime140_1.dll
0x00007ffddd660000 - 0x00007ffddd6ee000 	C:\Program Files\Java\jdk-22\bin\msvcp140.dll
0x00007ffdc71a0000 - 0x00007ffdc7ee8000 	C:\Program Files\Java\jdk-22\bin\server\jvm.dll
0x00007ffdfdbd0000 - 0x00007ffdfdc1a000 	C:\WINDOWS\System32\POWRPROF.dll
0x00007ffdfdbc0000 - 0x00007ffdfdbd0000 	C:\WINDOWS\System32\UMPDC.dll
0x00007ffe00980000 - 0x00007ffe009ef000 	C:\WINDOWS\System32\WS2_32.dll
0x00007ffdfa850000 - 0x00007ffdfa874000 	C:\WINDOWS\SYSTEM32\WINMM.dll
0x00007ffdfa820000 - 0x00007ffdfa84d000 	C:\WINDOWS\SYSTEM32\winmmbase.dll
0x00007ffdfec00000 - 0x00007ffdfec4a000 	C:\WINDOWS\System32\cfgmgr32.dll
0x00007ffdfdc40000 - 0x00007ffdfdc51000 	C:\WINDOWS\System32\kernel.appcore.dll
0x00007ffdfa600000 - 0x00007ffdfa60a000 	C:\Program Files\Java\jdk-22\bin\jimage.dll
0x00007ffdefdb0000 - 0x00007ffdeffa4000 	C:\WINDOWS\SYSTEM32\DBGHELP.DLL
0x00007ffde99e0000 - 0x00007ffde9a0a000 	C:\WINDOWS\SYSTEM32\dbgcore.DLL
0x00007ffdeb310000 - 0x00007ffdeb32e000 	C:\Program Files\Java\jdk-22\bin\java.dll
0x00007ffe00290000 - 0x00007ffe00977000 	C:\WINDOWS\System32\SHELL32.dll
0x00007ffdff980000 - 0x00007ffdffa28000 	C:\WINDOWS\System32\shcore.dll
0x00007ffdfe360000 - 0x00007ffdfeadb000 	C:\WINDOWS\System32\windows.storage.dll
0x00007ffdfdc20000 - 0x00007ffdfdc3e000 	C:\WINDOWS\System32\profapi.dll
0x00007ffdff5c0000 - 0x00007ffdff612000 	C:\WINDOWS\System32\shlwapi.dll
0x00007ffdfebe0000 - 0x00007ffdfebf7000 	C:\WINDOWS\System32\cryptsp.dll
0x00007ffdffd70000 - 0x00007ffdffec7000 	C:\WINDOWS\System32\ole32.dll
0x00007ffdcc080000 - 0x00007ffdcc157000 	C:\Program Files\Java\jdk-22\bin\jsvml.dll
0x00007ffdcbef0000 - 0x00007ffdcc07e000 	C:\Program Files\Java\jdk-22\bin\awt.dll
0x00007ffe00c00000 - 0x00007ffe00cc5000 	C:\WINDOWS\System32\OLEAUT32.dll
0x00007ffdfbd30000 - 0x00007ffdfbdbf000 	C:\WINDOWS\SYSTEM32\apphelp.dll
0x00007ffdfc4f0000 - 0x00007ffdfc51d000 	C:\WINDOWS\system32\DWMAPI.DLL
0x00007ffdfbf00000 - 0x00007ffdfbf99000 	C:\WINDOWS\system32\uxtheme.dll
0x00007ffdc0120000 - 0x00007ffdc0276000 	C:\WINDOWS\system32\opengl32.dll
0x00007ffdc00f0000 - 0x00007ffdc011c000 	C:\WINDOWS\SYSTEM32\GLU32.dll
0x00007ffdfc800000 - 0x00007ffdfc820000 	C:\WINDOWS\SYSTEM32\dxcore.dll
0x00007ffdfedc0000 - 0x00007ffdfeef5000 	C:\WINDOWS\System32\MSCTF.dll
0x00007ffdd4190000 - 0x00007ffdd4357000 	C:\WINDOWS\system32\d3d9.dll
0x00007ffdf6a60000 - 0x00007ffdf6b1e000 	C:\WINDOWS\System32\DriverStore\FileRepository\nvdw.inf_amd64_ac602ca6281a790b\nvldumdx.dll
0x00007ffdfdc60000 - 0x00007ffdfdc72000 	C:\WINDOWS\System32\msasn1.dll
0x00007ffdf6a20000 - 0x00007ffdf6a4f000 	C:\WINDOWS\SYSTEM32\cryptnet.dll
0x00007ffdfdc80000 - 0x00007ffdfddd1000 	C:\WINDOWS\System32\CRYPT32.dll
0x00007ffdf67d0000 - 0x00007ffdf690c000 	C:\WINDOWS\SYSTEM32\drvstore.dll
0x00007ffdfd9b0000 - 0x00007ffdfd9da000 	C:\WINDOWS\SYSTEM32\devobj.dll
0x00007ffdfd610000 - 0x00007ffdfd639000 	C:\WINDOWS\SYSTEM32\wldp.dll
0x00007ffdfeae0000 - 0x00007ffdfeb3c000 	C:\WINDOWS\System32\WINTRUST.dll
0x00007ffdfd570000 - 0x00007ffdfd57c000 	C:\WINDOWS\SYSTEM32\cryptbase.dll
0x00007ffdff960000 - 0x00007ffdff97d000 	C:\WINDOWS\System32\imagehlp.dll
0x00007ffdfcf20000 - 0x00007ffdfcf53000 	C:\WINDOWS\system32\rsaenh.dll
0x00007ffdfece0000 - 0x00007ffdfed06000 	C:\WINDOWS\System32\bcrypt.dll
0x00007ffdf44b0000 - 0x00007ffdf66cd000 	C:\WINDOWS\System32\DriverStore\FileRepository\nvdw.inf_amd64_ac602ca6281a790b\nvgpucomp64.dll
0x00007ffd9e650000 - 0x00007ffda09ff000 	C:\WINDOWS\System32\DriverStore\FileRepository\nvdw.inf_amd64_ac602ca6281a790b\nvd3dumx.dll
0x00007ffdfc7b0000 - 0x00007ffdfc7d2000 	C:\WINDOWS\SYSTEM32\gpapi.dll
0x00007ffddbfa0000 - 0x00007ffddc027000 	C:\Program Files\Java\jdk-22\bin\freetype.dll
0x00007ffdcbe10000 - 0x00007ffdcbee7000 	C:\Program Files\Java\jdk-22\bin\fontmanager.dll

dbghelp: loaded successfully - version: 4.0.5 - missing functions: none
symbol engine: initialized successfully - sym options: 0x614 - pdb path: .;C:\Program Files\Java\jdk-22\bin;C:\WINDOWS\SYSTEM32;C:\WINDOWS\WinSxS\amd64_microsoft.windows.common-controls_6595b64144ccf1df_6.0.18362.1556_none_9e7e372fe45e41d5;C:\Program Files\Java\jdk-22\bin\server;C:\WINDOWS\System32\DriverStore\FileRepository\nvdw.inf_amd64_ac602ca6281a790b

VM Arguments:
java_command: com.mycompany.vectors.Vectors
java_class_path (initial): E:\Espe\Software 1\Vectors\Vectors\target\classes
Launcher Type: SUN_STANDARD

[Global flags]
     intx CICompilerCount                          = 4                                         {product} {ergonomic}
     uint ConcGCThreads                            = 2                                         {product} {ergonomic}
     uint G1ConcRefinementThreads                  = 8                                         {product} {ergonomic}
   size_t G1HeapRegionSize                         = 2097152                                   {product} {ergonomic}
   size_t InitialHeapSize                          = 268435456                                 {product} {ergonomic}
   size_t MarkStackSize                            = 4194304                                   {product} {ergonomic}
   size_t MaxHeapSize                              = 4267704320                                {product} {ergonomic}
   size_t MaxNewSize                               = 2560622592                                {product} {ergonomic}
   size_t MinHeapDeltaBytes                        = 2097152                                   {product} {ergonomic}
   size_t MinHeapSize                              = 8388608                                   {product} {ergonomic}
    uintx NonNMethodCodeHeapSize                   = 5839372                                {pd product} {ergonomic}
    uintx NonProfiledCodeHeapSize                  = 122909434                              {pd product} {ergonomic}
    uintx ProfiledCodeHeapSize                     = 122909434                              {pd product} {ergonomic}
    uintx ReservedCodeCacheSize                    = 251658240                              {pd product} {ergonomic}
     bool SegmentedCodeCache                       = true                                      {product} {ergonomic}
   size_t SoftMaxHeapSize                          = 4267704320                             {manageable} {ergonomic}
     bool UseCompressedOops                        = true                           {product lp64_product} {ergonomic}
     bool UseG1GC                                  = true                                      {product} {ergonomic}
     bool UseLargePagesIndividualAllocation        = false                                  {pd product} {ergonomic}

Logging:
Log output configuration:
 #0: stdout all=warning uptime,level,tags foldmultilines=false
 #1: stderr all=off uptime,level,tags foldmultilines=false

Environment Variables:
JAVA_HOME=C:\Program Files\Java\jdk-22
PATH=C:\Program Files\Common Files\Oracle\Java\javapath;C:\app\PC-OSCAR\product\18.0.0\dbhomeXE\bin;C:\oraclexe\app\oracle\product\11.2.0\server\bin;C:\Program Files (x86)\Common Files\Oracle\Java\javapath;C:\orant\bin;C:\Program Files (x86)\Intel\iCLS Client\;C:\Program Files\Intel\iCLS Client\;C:\WINDOWS\system32;C:\WINDOWS;C:\WINDOWS\System32\Wbem;C:\WINDOWS\System32\WindowsPowerShell\v1.0\;C:\Program Files (x86)\Intel\Intel(R) Management Engine Components\DAL;C:\Program Files\Intel\Intel(R) Management Engine Components\DAL;C:\Program Files (x86)\Intel\Intel(R) Management Engine Components\IPT;C:\Program Files\Intel\Intel(R) Management Engine Components\IPT;C:\orant\jdk\bin;C:\WINDOWS\System32\OpenSSH\;C:\curl;C:\Program Files (x86)\Appeon\Shared\PowerBuilder;C:\Program Files (x86)\Appeon\Shared\PowerBuilder\x64;C:\Program Files (x86)\Appeon\PowerBuilder 17.0;C:\WINDOWS\Microsoft.NET\Framework\v4.0.30319;C:\Program Files (x86)\Common Files\Roxio Shared\DLLShared\;C:\Program Files (x86)\Common Files\Roxio Shared\10.0\DLLShared\;C:\Program Files\dotnet\;C:\Program Files\Git\cmd;C:\Program Files\nodejs\;C:\Program Files (x86)\GitExtensions\;C:\Users\PC-OSCAR\AppData\Local\Programs\Python\Python312\Scripts\;C:\Users\PC-OSCAR\AppData\Local\Programs\Python\Python312\;C:\Program Files\Java\jdk1.7.0_80;C:\Users\PC-OSCAR\AppData\Local\Microsoft\WindowsApps;;C:\Users\PC-OSCAR\AppData\Local\Programs\EmEditor;C:\Users\PC-OSCAR\AppData\Local\Programs\Microsoft VS Code\bin;C:\Users\PC-OSCAR\AppData\Roaming\npm
USERNAME=PC-OSCAR
OS=Windows_NT
PROCESSOR_IDENTIFIER=Intel64 Family 6 Model 158 Stepping 9, GenuineIntel
TMP=C:\Users\PC-OSCAR\AppData\Local\Temp
TEMP=C:\Users\PC-OSCAR\AppData\Local\Temp




Periodic native trim disabled

---------------  S Y S T E M  ---------------

OS:
 Windows 10 , 64 bit Build 18362 (10.0.18362.1500)
OS uptime: 10 days 14:23 hours

CPU: total 8 (initial active 8) (4 cores per cpu, 2 threads per core) family 6 model 158 stepping 9 microcode 0xde, cx8, cmov, fxsr, ht, mmx, 3dnowpref, sse, sse2, sse3, ssse3, sse4.1, sse4.2, popcnt, lzcnt, tsc, tscinvbit, avx, avx2, aes, erms, clmul, bmi1, bmi2, rtm, adx, fma, vzeroupper, clflush, clflushopt, rdtscp, f16c
Processor Information for all 8 processors :
  Max Mhz: 3600, Current Mhz: 3600, Mhz Limit: 3600

Memory: 4k page, system-wide physical 16275M (3319M free)
TotalPageFile size 21775M (AvailPageFile size 5M)
current process WorkingSet (physical memory assigned to process): 66M, peak: 66M
current process commit charge ("private bytes"): 364M, peak: 364M

vm_info: Java HotSpot(TM) 64-Bit Server VM (22+36-2370) for windows-amd64 JRE (22+36-2370), built on 2024-02-15T22:15:19Z by "mach5one" with MS VC++ 17.6 (VS2022)

END.
