#
# There is insufficient memory for the Java Runtime Environment to continue.
# Native memory allocation (mmap) failed to map 268435456 bytes. Error detail: G1 virtual space
# Possible reasons:
#   The system is out of physical RAM or swap space
#   This process is running with CompressedOops enabled, and the Java Heap may be blocking the growth of the native heap
# Possible solutions:
#   Reduce memory load on the system
#   Increase physical memory or swap space
#   Check if swap backing store is full
#   Decrease Java heap size (-Xmx/-Xms)
#   Decrease number of Java threads
#   Decrease Java thread stack sizes (-Xss)
#   Set larger code cache with -XX:ReservedCodeCacheSize=
#   JVM is running with Zero Based Compressed Oops mode in which the Java heap is
#     placed in the first 32GB address space. The Java Heap base address is the
#     maximum limit for the native heap growth. Please use -XX:HeapBaseMinAddress
#     to set the Java Heap base and to place the Java Heap above 32GB virtual address.
# This output file may be truncated or incomplete.
#
#  Out of Memory Error (os_windows.cpp:3631), pid=272, tid=14196
#
# JRE version:  (22.0+36) (build )
# Java VM: Java HotSpot(TM) 64-Bit Server VM (22+36-2370, mixed mode, sharing, tiered, compressed oops, compressed class ptrs, g1 gc, windows-amd64)
# No core dump will be written. Minidumps are not enabled by default on client versions of Windows
#

---------------  S U M M A R Y ------------

Command Line: -Dclassworlds.conf=C:\Program Files\NetBeans-22\netbeans\java\maven\bin\m2.conf -Dmaven.home=C:\Program Files\NetBeans-22\netbeans\java\maven -Dlibrary.jansi.path=C:\Program Files\NetBeans-22\netbeans\java\maven\lib\jansi-native -Dmaven.multiModuleProjectDirectory=E:\Espe\Software 1\Vectors\Vectors org.codehaus.plexus.classworlds.launcher.Launcher -Dexec.vmArgs= -Dexec.args=${exec.vmArgs} -classpath %classpath ${exec.mainClass} ${exec.appArgs} -Dexec.appArgs= -Dexec.mainClass=com.mycompany.vectors.Vectors -Dexec.executable=C:\Program Files\Java\jdk-22\bin\java.exe -Dmaven.ext.class.path=C:\Program Files\NetBeans-22\netbeans\java\maven-nblib\netbeans-eventspy.jar --no-transfer-progress process-classes org.codehaus.mojo:exec-maven-plugin:3.1.0:exec

Host: Intel(R) Core(TM) i7-7700 CPU @ 3.60GHz, 8 cores, 15G,  Windows 10 , 64 bit Build 18362 (10.0.18362.1500)
Time: Tue Jul  2 10:39:34 2024 Hora est. Pacífico, Sudamérica elapsed time: 0.008261 seconds (0d 0h 0m 0s)

---------------  T H R E A D  ---------------

Current thread (0x00000233b3bd07a0):  JavaThread "Unknown thread" [_thread_in_vm, id=14196, stack(0x0000004237600000,0x0000004237700000) (1024K)]

Stack: [0x0000004237600000,0x0000004237700000]
Native frames: (J=compiled Java code, j=interpreted, Vv=VM code, C=native code)
V  [jvm.dll+0x6e2349]  (no source info available)
V  [jvm.dll+0x874ed3]  (no source info available)
V  [jvm.dll+0x8772fe]  (no source info available)
V  [jvm.dll+0x8779d3]  (no source info available)
V  [jvm.dll+0x27fcb6]  (no source info available)
V  [jvm.dll+0x6de9e5]  (no source info available)
V  [jvm.dll+0x6d34ea]  (no source info available)
V  [jvm.dll+0x35892a]  (no source info available)
V  [jvm.dll+0x360e56]  (no source info available)
V  [jvm.dll+0x3b3d7e]  (no source info available)
V  [jvm.dll+0x3b4028]  (no source info available)
V  [jvm.dll+0x32c4ec]  (no source info available)
V  [jvm.dll+0x32d0a8]  (no source info available)
V  [jvm.dll+0x83cd9c]  (no source info available)
V  [jvm.dll+0x3c0cc1]  (no source info available)
V  [jvm.dll+0x825d8c]  (no source info available)
V  [jvm.dll+0x45b9ee]  (no source info available)
V  [jvm.dll+0x45d871]  (no source info available)
C  [jli.dll+0x52a3]  (no source info available)
C  [ucrtbase.dll+0x210b2]  (no source info available)
C  [KERNEL32.DLL+0x17c24]  (no source info available)
C  [ntdll.dll+0x6d721]  (no source info available)


---------------  P R O C E S S  ---------------

Threads class SMR info:
_java_thread_list=0x00007ffdc7d8c1c8, length=0, elements={
}

Java Threads: ( => current thread )
Total: 0

Other Threads:
  0x00000233b5e06760 WorkerThread "GC Thread#0"                     [id=12784, stack(0x0000004237700000,0x0000004237800000) (1024K)]
  0x00000233b5e17700 ConcurrentGCThread "G1 Main Marker"            [id=12148, stack(0x0000004237800000,0x0000004237900000) (1024K)]
  0x00000233b5e188d0 WorkerThread "G1 Conc#0"                       [id=20096, stack(0x0000004237900000,0x0000004237a00000) (1024K)]

[error occurred during error reporting (printing all threads), id 0xc0000005, EXCEPTION_ACCESS_VIOLATION (0xc0000005) at pc=0x00007ffdc74df2b7]
VM state: not at safepoint (not fully initialized)

VM Mutex/Monitor currently owned by a thread:  ([mutex/lock_event])
[0x00007ffdc7e0ccc8] Heap_lock - owner thread: 0x00000233b3bd07a0

Heap address: 0x0000000701a00000, size: 4070 MB, Compressed Oops mode: Zero based, Oop shift amount: 3

CDS archive(s) mapped at: [0x0000000000000000-0x0000000000000000-0x0000000000000000), size 0, SharedBaseAddress: 0x0000000800000000, ArchiveRelocationMode: 1.
Narrow klass base: 0x0000000000000000, Narrow klass shift: 0, Narrow klass range: 0x0

GC Precious Log:
 CardTable entry size: 512
 Card Set container configuration: InlinePtr #cards 4 size 8 Array Of Cards #cards 16 size 48 Howl #buckets 8 coarsen threshold 3686 Howl Bitmap #cards 512 size 80 coarsen threshold 460 Card regions per heap region 1 cards per card region 4096

Heap:
 garbage-first heap   total reserved 4167680K, committed 0K, used 0K [0x0000000701a00000, 0x0000000800000000)
  region size 2048K, 0 young (0K), 0 survivors (0K)

[error occurred during error reporting (printing heap information), id 0xc0000005, EXCEPTION_ACCESS_VIOLATION (0xc0000005) at pc=0x00007ffdc78de4e9]
GC Heap History (0 events):
No events

Dll operation events (1 events):
Event: 0.005 Loaded shared library C:\Program Files\Java\jdk-22\bin\java.dll

Deoptimization events (0 events):
No events

Classes loaded (0 events):
No events

Classes unloaded (0 events):
No events

Classes redefined (0 events):
No events

Internal exceptions (0 events):
No events

ZGC Phase Switch (0 events):
No events

VM Operations (0 events):
No events

Events (0 events):
No events


Dynamic libraries:
0x00007ff686e80000 - 0x00007ff686e90000 	C:\Program Files\Java\jdk-22\bin\java.exe
0x00007ffe00d40000 - 0x00007ffe00f30000 	C:\WINDOWS\SYSTEM32\ntdll.dll
0x00007ffe00110000 - 0x00007ffe001c2000 	C:\WINDOWS\System32\KERNEL32.DLL
0x00007ffdfe0b0000 - 0x00007ffdfe355000 	C:\WINDOWS\System32\KERNELBASE.dll
0x00007ffdfdf80000 - 0x00007ffdfe07a000 	C:\WINDOWS\System32\ucrtbase.dll
0x00007ffde1920000 - 0x00007ffde1937000 	C:\Program Files\Java\jdk-22\bin\jli.dll
0x00007ffdfa360000 - 0x00007ffdfa37b000 	C:\Program Files\Java\jdk-22\bin\VCRUNTIME140.dll
0x00007ffe001d0000 - 0x00007ffe00273000 	C:\WINDOWS\System32\ADVAPI32.dll
0x00007ffe00070000 - 0x00007ffe0010e000 	C:\WINDOWS\System32\msvcrt.dll
0x00007ffdff4f0000 - 0x00007ffdff587000 	C:\WINDOWS\System32\sechost.dll
0x00007ffdfff50000 - 0x00007ffe0006f000 	C:\WINDOWS\System32\RPCRT4.dll
0x00007ffdffbd0000 - 0x00007ffdffd64000 	C:\WINDOWS\System32\USER32.dll
0x00007ffdfe080000 - 0x00007ffdfe0a1000 	C:\WINDOWS\System32\win32u.dll
0x00007ffdff590000 - 0x00007ffdff5b6000 	C:\WINDOWS\System32\GDI32.dll
0x00007ffde9a10000 - 0x00007ffde9c94000 	C:\WINDOWS\WinSxS\amd64_microsoft.windows.common-controls_6595b64144ccf1df_6.0.18362.1556_none_9e7e372fe45e41d5\COMCTL32.dll
0x00007ffdfdde0000 - 0x00007ffdfdf78000 	C:\WINDOWS\System32\gdi32full.dll
0x00007ffdff620000 - 0x00007ffdff956000 	C:\WINDOWS\System32\combase.dll
0x00007ffdfeb40000 - 0x00007ffdfebde000 	C:\WINDOWS\System32\msvcp_win.dll
0x00007ffdfec50000 - 0x00007ffdfecd1000 	C:\WINDOWS\System32\bcryptPrimitives.dll
0x00007ffdf6a50000 - 0x00007ffdf6a5a000 	C:\WINDOWS\SYSTEM32\VERSION.dll
0x00007ffdff440000 - 0x00007ffdff46e000 	C:\WINDOWS\System32\IMM32.DLL
0x00007ffdfa880000 - 0x00007ffdfa88c000 	C:\Program Files\Java\jdk-22\bin\vcruntime140_1.dll
0x00007ffddd660000 - 0x00007ffddd6ee000 	C:\Program Files\Java\jdk-22\bin\msvcp140.dll
0x00007ffdc71a0000 - 0x00007ffdc7ee8000 	C:\Program Files\Java\jdk-22\bin\server\jvm.dll
0x00007ffdfdbd0000 - 0x00007ffdfdc1a000 	C:\WINDOWS\System32\POWRPROF.dll
0x00007ffdfdbc0000 - 0x00007ffdfdbd0000 	C:\WINDOWS\System32\UMPDC.dll
0x00007ffe00980000 - 0x00007ffe009ef000 	C:\WINDOWS\System32\WS2_32.dll
0x00007ffdfa850000 - 0x00007ffdfa874000 	C:\WINDOWS\SYSTEM32\WINMM.dll
0x00007ffdfa820000 - 0x00007ffdfa84d000 	C:\WINDOWS\SYSTEM32\winmmbase.dll
0x00007ffdfec00000 - 0x00007ffdfec4a000 	C:\WINDOWS\System32\cfgmgr32.dll
0x00007ffdfdc40000 - 0x00007ffdfdc51000 	C:\WINDOWS\System32\kernel.appcore.dll
0x00007ffdfa600000 - 0x00007ffdfa60a000 	C:\Program Files\Java\jdk-22\bin\jimage.dll
0x00007ffdefdb0000 - 0x00007ffdeffa4000 	C:\WINDOWS\SYSTEM32\DBGHELP.DLL
0x00007ffde99e0000 - 0x00007ffde9a0a000 	C:\WINDOWS\SYSTEM32\dbgcore.DLL
0x00007ffdeb310000 - 0x00007ffdeb32e000 	C:\Program Files\Java\jdk-22\bin\java.dll
0x00007ffe00290000 - 0x00007ffe00977000 	C:\WINDOWS\System32\SHELL32.dll
0x00007ffdff980000 - 0x00007ffdffa28000 	C:\WINDOWS\System32\shcore.dll
0x00007ffdfe360000 - 0x00007ffdfeadb000 	C:\WINDOWS\System32\windows.storage.dll
0x00007ffdfdc20000 - 0x00007ffdfdc3e000 	C:\WINDOWS\System32\profapi.dll
0x00007ffdff5c0000 - 0x00007ffdff612000 	C:\WINDOWS\System32\shlwapi.dll
0x00007ffdfebe0000 - 0x00007ffdfebf7000 	C:\WINDOWS\System32\cryptsp.dll
0x00007ffdffd70000 - 0x00007ffdffec7000 	C:\WINDOWS\System32\ole32.dll

dbghelp: loaded successfully - version: 4.0.5 - missing functions: none
symbol engine: initialized successfully - sym options: 0x614 - pdb path: .;C:\Program Files\Java\jdk-22\bin;C:\WINDOWS\SYSTEM32;C:\WINDOWS\WinSxS\amd64_microsoft.windows.common-controls_6595b64144ccf1df_6.0.18362.1556_none_9e7e372fe45e41d5;C:\Program Files\Java\jdk-22\bin\server

VM Arguments:
jvm_args: -Dclassworlds.conf=C:\Program Files\NetBeans-22\netbeans\java\maven\bin\m2.conf -Dmaven.home=C:\Program Files\NetBeans-22\netbeans\java\maven -Dlibrary.jansi.path=C:\Program Files\NetBeans-22\netbeans\java\maven\lib\jansi-native -Dmaven.multiModuleProjectDirectory=E:\Espe\Software 1\Vectors\Vectors 
java_command: org.codehaus.plexus.classworlds.launcher.Launcher -Dexec.vmArgs= -Dexec.args=${exec.vmArgs} -classpath %classpath ${exec.mainClass} ${exec.appArgs} -Dexec.appArgs= -Dexec.mainClass=com.mycompany.vectors.Vectors -Dexec.executable=C:\Program Files\Java\jdk-22\bin\java.exe -Dmaven.ext.class.path=C:\Program Files\NetBeans-22\netbeans\java\maven-nblib\netbeans-eventspy.jar --no-transfer-progress process-classes org.codehaus.mojo:exec-maven-plugin:3.1.0:exec
java_class_path (initial): C:\Program Files\NetBeans-22\netbeans\java\maven\boot\plexus-classworlds-2.7.0.jar
Launcher Type: SUN_STANDARD

[Global flags]
     intx CICompilerCount                          = 4                                         {product} {ergonomic}
     uint ConcGCThreads                            = 2                                         {product} {ergonomic}
     uint G1ConcRefinementThreads                  = 8                                         {product} {ergonomic}
   size_t G1HeapRegionSize                         = 2097152                                   {product} {ergonomic}
   size_t InitialHeapSize                          = 268435456                                 {product} {ergonomic}
   size_t MarkStackSize                            = 4194304                                   {product} {ergonomic}
   size_t MaxHeapSize                              = 4267704320                                {product} {ergonomic}
   size_t MinHeapDeltaBytes                        = 2097152                                   {product} {ergonomic}
   size_t MinHeapSize                              = 8388608                                   {product} {ergonomic}
    uintx NonNMethodCodeHeapSize                   = 5839372                                {pd product} {ergonomic}
    uintx NonProfiledCodeHeapSize                  = 122909434                              {pd product} {ergonomic}
    uintx ProfiledCodeHeapSize                     = 122909434                              {pd product} {ergonomic}
    uintx ReservedCodeCacheSize                    = 251658240                              {pd product} {ergonomic}
     bool SegmentedCodeCache                       = true                                      {product} {ergonomic}
   size_t SoftMaxHeapSize                          = 4267704320                             {manageable} {ergonomic}
     bool UseCompressedOops                        = true                           {product lp64_product} {ergonomic}
     bool UseG1GC                                  = true                                      {product} {ergonomic}
     bool UseLargePagesIndividualAllocation        = false                                  {pd product} {ergonomic}

Logging:
Log output configuration:
 #0: stdout all=warning uptime,level,tags foldmultilines=false
 #1: stderr all=off uptime,level,tags foldmultilines=false

Environment Variables:
JAVA_HOME=C:\Program Files\Java\jdk-22
PATH=C:\Program Files\Common Files\Oracle\Java\javapath;C:\app\PC-OSCAR\product\18.0.0\dbhomeXE\bin;C:\oraclexe\app\oracle\product\11.2.0\server\bin;C:\Program Files (x86)\Common Files\Oracle\Java\javapath;C:\orant\bin;C:\Program Files (x86)\Intel\iCLS Client\;C:\Program Files\Intel\iCLS Client\;C:\WINDOWS\system32;C:\WINDOWS;C:\WINDOWS\System32\Wbem;C:\WINDOWS\System32\WindowsPowerShell\v1.0\;C:\Program Files (x86)\Intel\Intel(R) Management Engine Components\DAL;C:\Program Files\Intel\Intel(R) Management Engine Components\DAL;C:\Program Files (x86)\Intel\Intel(R) Management Engine Components\IPT;C:\Program Files\Intel\Intel(R) Management Engine Components\IPT;C:\orant\jdk\bin;C:\WINDOWS\System32\OpenSSH\;C:\curl;C:\Program Files (x86)\Appeon\Shared\PowerBuilder;C:\Program Files (x86)\Appeon\Shared\PowerBuilder\x64;C:\Program Files (x86)\Appeon\PowerBuilder 17.0;C:\WINDOWS\Microsoft.NET\Framework\v4.0.30319;C:\Program Files (x86)\Common Files\Roxio Shared\DLLShared\;C:\Program Files (x86)\Common Files\Roxio Shared\10.0\DLLShared\;C:\Program Files\dotnet\;C:\Program Files\Git\cmd;C:\Program Files\nodejs\;C:\Program Files (x86)\GitExtensions\;C:\Users\PC-OSCAR\AppData\Local\Programs\Python\Python312\Scripts\;C:\Users\PC-OSCAR\AppData\Local\Programs\Python\Python312\;C:\Program Files\Java\jdk1.7.0_80;C:\Users\PC-OSCAR\AppData\Local\Microsoft\WindowsApps;;C:\Users\PC-OSCAR\AppData\Local\Programs\EmEditor;C:\Users\PC-OSCAR\AppData\Local\Programs\Microsoft VS Code\bin;C:\Users\PC-OSCAR\AppData\Roaming\npm
USERNAME=PC-OSCAR
OS=Windows_NT
PROCESSOR_IDENTIFIER=Intel64 Family 6 Model 158 Stepping 9, GenuineIntel
TMP=C:\Users\PC-OSCAR\AppData\Local\Temp
TEMP=C:\Users\PC-OSCAR\AppData\Local\Temp




Periodic native trim disabled

---------------  S Y S T E M  ---------------

OS:
 Windows 10 , 64 bit Build 18362 (10.0.18362.1500)
OS uptime: 10 days 14:17 hours

CPU: total 8 (initial active 8) (4 cores per cpu, 2 threads per core) family 6 model 158 stepping 9 microcode 0xde, cx8, cmov, fxsr, ht, mmx, 3dnowpref, sse, sse2, sse3, ssse3, sse4.1, sse4.2, popcnt, lzcnt, tsc, tscinvbit, avx, avx2, aes, erms, clmul, bmi1, bmi2, rtm, adx, fma, vzeroupper, clflush, clflushopt, rdtscp, f16c
Processor Information for all 8 processors :
  Max Mhz: 3600, Current Mhz: 3600, Mhz Limit: 3600

Memory: 4k page, system-wide physical 16275M (2987M free)
TotalPageFile size 21775M (AvailPageFile size 226M)
current process WorkingSet (physical memory assigned to process): 11M, peak: 11M
current process commit charge ("private bytes"): 61M, peak: 316M

vm_info: Java HotSpot(TM) 64-Bit Server VM (22+36-2370) for windows-amd64 JRE (22+36-2370), built on 2024-02-15T22:15:19Z by "mach5one" with MS VC++ 17.6 (VS2022)

END.
